2020-03-05 10:35:04,861 ERROR [errorlog] groovy.lang.MissingMethodException: No signature of method: java.lang.String.getName() is applicable for argument types: () values: []
Possible solutions: getAt(int), getAt(groovy.lang.IntRange), getAt(groovy.lang.Range), getAt(groovy.lang.Range), getAt(groovy.lang.IntRange), getAt(java.util.Collection)
groovy.lang.MissingMethodException: No signature of method: java.lang.String.getName() is applicable for argument types: () values: []
Possible solutions: getAt(int), getAt(groovy.lang.IntRange), getAt(groovy.lang.Range), getAt(groovy.lang.Range), getAt(groovy.lang.IntRange), getAt(java.util.Collection)
	at org.codehaus.groovy.runtime.ScriptBytecodeAdapter.unwrap(ScriptBytecodeAdapter.java:58)
	at org.codehaus.groovy.runtime.callsite.PojoMetaClassSite.call(PojoMetaClassSite.java:49)
	at org.codehaus.groovy.runtime.callsite.CallSiteArray.defaultCall(CallSiteArray.java:48)
	at org.codehaus.groovy.runtime.callsite.AbstractCallSite.call(AbstractCallSite.java:113)
	at org.codehaus.groovy.runtime.callsite.AbstractCallSite.call(AbstractCallSite.java:117)
	at Script1.run(Script1.groovy:34)
	at com.eviware.soapui.support.scripting.groovy.SoapUIGroovyScriptEngine.run(SoapUIGroovyScriptEngine.java:90)
	at com.eviware.soapui.impl.wsdl.teststeps.WsdlGroovyScriptTestStep.run(WsdlGroovyScriptTestStep.java:141)
	at com.eviware.soapui.impl.wsdl.support.AbstractTestCaseRunner.runTestStep(AbstractTestCaseRunner.java:211)
	at com.eviware.soapui.impl.wsdl.testcase.WsdlTestCaseRunner.runCurrentTestStep(WsdlTestCaseRunner.java:47)
	at com.eviware.soapui.impl.wsdl.support.AbstractTestCaseRunner.internalRun(AbstractTestCaseRunner.java:138)
	at com.eviware.soapui.impl.wsdl.support.AbstractTestCaseRunner.internalRun(AbstractTestCaseRunner.java:46)
	at com.eviware.soapui.impl.wsdl.support.AbstractTestRunner.run(AbstractTestRunner.java:128)
	at com.eviware.soapui.impl.wsdl.support.AbstractTestRunner.start(AbstractTestRunner.java:76)
	at com.eviware.soapui.impl.wsdl.testcase.WsdlTestCase.run(WsdlTestCase.java:594)
	at com.eviware.soapui.impl.wsdl.testcase.WsdlTestCase.run(WsdlTestCase.java:78)
	at core.api.ProjectTestRunner.webServices(ProjectTestRunner.java:80)
	at app.UI.MainWindow$9$1.doInBackground(MainWindow.java:914)
	at app.UI.MainWindow$9$1.doInBackground(MainWindow.java:1)
	at javax.swing.SwingWorker$1.call(Unknown Source)
	at java.util.concurrent.FutureTask.run(Unknown Source)
	at javax.swing.SwingWorker.run(Unknown Source)
	at java.util.concurrent.ThreadPoolExecutor.runWorker(Unknown Source)
	at java.util.concurrent.ThreadPoolExecutor$Worker.run(Unknown Source)
	at java.lang.Thread.run(Unknown Source)
2020-03-05 10:35:05,125 ERROR [errorlog] groovy.lang.MissingMethodException: No signature of method: java.lang.String.getName() is applicable for argument types: () values: []
Possible solutions: getAt(int), getAt(groovy.lang.IntRange), getAt(groovy.lang.Range), getAt(groovy.lang.Range), getAt(groovy.lang.IntRange), getAt(java.util.Collection)
groovy.lang.MissingMethodException: No signature of method: java.lang.String.getName() is applicable for argument types: () values: []
Possible solutions: getAt(int), getAt(groovy.lang.IntRange), getAt(groovy.lang.Range), getAt(groovy.lang.Range), getAt(groovy.lang.IntRange), getAt(java.util.Collection)
	at org.codehaus.groovy.runtime.ScriptBytecodeAdapter.unwrap(ScriptBytecodeAdapter.java:58)
	at org.codehaus.groovy.runtime.callsite.PojoMetaClassSite.call(PojoMetaClassSite.java:49)
	at org.codehaus.groovy.runtime.callsite.AbstractCallSite.call(AbstractCallSite.java:117)
	at Script1.run(Script1.groovy:34)
	at com.eviware.soapui.support.scripting.groovy.SoapUIGroovyScriptEngine.run(SoapUIGroovyScriptEngine.java:90)
	at com.eviware.soapui.impl.wsdl.teststeps.WsdlGroovyScriptTestStep.run(WsdlGroovyScriptTestStep.java:141)
	at com.eviware.soapui.impl.wsdl.support.AbstractTestCaseRunner.runTestStep(AbstractTestCaseRunner.java:211)
	at com.eviware.soapui.impl.wsdl.testcase.WsdlTestCaseRunner.runCurrentTestStep(WsdlTestCaseRunner.java:47)
	at com.eviware.soapui.impl.wsdl.support.AbstractTestCaseRunner.internalRun(AbstractTestCaseRunner.java:138)
	at com.eviware.soapui.impl.wsdl.support.AbstractTestCaseRunner.internalRun(AbstractTestCaseRunner.java:46)
	at com.eviware.soapui.impl.wsdl.support.AbstractTestRunner.run(AbstractTestRunner.java:128)
	at com.eviware.soapui.impl.wsdl.support.AbstractTestRunner.start(AbstractTestRunner.java:76)
	at com.eviware.soapui.impl.wsdl.testcase.WsdlTestCase.run(WsdlTestCase.java:594)
	at com.eviware.soapui.impl.wsdl.testcase.WsdlTestCase.run(WsdlTestCase.java:78)
	at core.api.ProjectTestRunner.webServices(ProjectTestRunner.java:80)
	at app.UI.MainWindow$9$1.doInBackground(MainWindow.java:914)
	at app.UI.MainWindow$9$1.doInBackground(MainWindow.java:1)
	at javax.swing.SwingWorker$1.call(Unknown Source)
	at java.util.concurrent.FutureTask.run(Unknown Source)
	at javax.swing.SwingWorker.run(Unknown Source)
	at java.util.concurrent.ThreadPoolExecutor.runWorker(Unknown Source)
	at java.util.concurrent.ThreadPoolExecutor$Worker.run(Unknown Source)
	at java.lang.Thread.run(Unknown Source)
